2025-11-18 13:00:18, MOVE, v:1, k:poo@pula-pula, mode:DOWN
2025-11-18 13:00:19, MOVE, v:1, k:poo@pula-pula, mode:PICK
2025-11-18 13:06:38, EXEC, v:1, k:poo@pula-pula, mode:FULL, rate:0, size:5
2025-11-18 13:10:36, MOVE, v:1, k:poo@pula-pula, mode:BACK
2025-11-18 13:10:40, MOVE, v:1, k:poo@lapiseira, mode:PICK
2025-11-18 13:11:50, EXEC, v:1, k:poo@lapiseira, mode:FULL, rate:100
2025-11-18 13:12:00, MOVE, v:1, k:poo@lapiseira, mode:BACK
2025-11-18 13:17:34, MOVE, v:1, k:poo@pula-pula, mode:PICK
2025-11-18 13:17:35, EXEC, v:1, k:poo@pula-pula, mode:FULL, rate:0, size:11
2025-11-18 13:17:37, MOVE, v:1, k:poo@pula-pula, mode:BACK
2025-11-18 13:20:32, MOVE, v:1, k:poo@pula-pula, mode:PICK
2025-11-18 13:20:33, MOVE, v:1, k:poo@pula-pula, mode:BACK
2025-11-18 13:21:40, MOVE, v:1, k:poo@pula-pula, mode:PICK
2025-11-18 13:21:42, MOVE, v:1, k:poo@pula-pula, mode:BACK
2025-11-18 13:26:35, MOVE, v:1, k:poo@pula-pula, mode:PICK
2025-11-18 13:26:36, MOVE, v:1, k:poo@pula-pula, mode:BACK
2025-11-18 13:26:44, MOVE, v:1, k:poo@pula-pula, mode:PICK
2025-11-18 13:26:45, EXEC, v:1, k:poo@pula-pula, mode:FULL, rate:0, size:15
2025-11-18 13:26:47, MOVE, v:1, k:poo@pula-pula, mode:BACK
2025-11-18 13:33:30, MOVE, v:1, k:poo@pula-pula, mode:PICK
2025-11-18 13:33:32, EXEC, v:1, k:poo@pula-pula, mode:FULL, rate:0
2025-11-18 13:33:33, MOVE, v:1, k:poo@pula-pula, mode:BACK
2025-11-18 13:38:35, MOVE, v:1, k:poo@pula-pula, mode:PICK
2025-11-18 13:38:36, EXEC, v:1, k:poo@pula-pula, mode:FULL, rate:0
2025-11-18 13:38:37, MOVE, v:1, k:poo@pula-pula, mode:BACK
2025-11-18 13:45:53, MOVE, v:1, k:poo@lapiseira, mode:PICK
2025-11-18 13:45:54, EXEC, v:1, k:poo@lapiseira, mode:FULL, rate:100, size:119
2025-11-18 13:45:58, MOVE, v:1, k:poo@lapiseira, mode:BACK
2025-11-18 13:46:03, MOVE, v:1, k:poo@pula-pula, mode:PICK
2025-11-18 13:46:04, EXEC, v:1, k:poo@pula-pula, mode:FULL, rate:0, size:16
2025-11-18 13:46:05, MOVE, v:1, k:poo@pula-pula, mode:BACK
2025-11-18 13:47:48, MOVE, v:1, k:poo@array, mode:PICK
2025-11-18 13:47:49, EXEC, v:1, k:poo@array, mode:LOCK, rate:0
2025-11-18 13:47:54, MOVE, v:1, k:poo@array, mode:BACK
2025-11-18 13:49:29, MOVE, v:1, k:poo@pula-pula, mode:PICK
2025-11-18 13:49:30, EXEC, v:1, k:poo@pula-pula, mode:FULL, rate:0, size:18
2025-11-18 13:49:31, MOVE, v:1, k:poo@pula-pula, mode:BACK
2025-11-18 13:59:47, MOVE, v:1, k:poo@pula-pula, mode:PICK
2025-11-18 13:59:48, EXEC, v:1, k:poo@pula-pula, mode:FULL, rate:0
2025-11-18 13:59:49, MOVE, v:1, k:poo@pula-pula, mode:BACK
2025-11-18 14:06:07, MOVE, v:1, k:poo@pula-pula, mode:PICK
2025-11-18 14:06:07, EXEC, v:1, k:poo@pula-pula, mode:FULL, rate:0
2025-11-18 14:06:08, MOVE, v:1, k:poo@pula-pula, mode:BACK
2025-11-18 14:10:47, MOVE, v:1, k:poo@pula-pula, mode:PICK
2025-11-18 14:10:48, EXEC, v:1, k:poo@pula-pula, mode:FULL, rate:0
2025-11-18 14:10:49, MOVE, v:1, k:poo@pula-pula, mode:BACK
2025-11-18 14:12:06, MOVE, v:1, k:poo@budega, mode:PICK
2025-11-18 14:12:07, EXEC, v:1, k:poo@budega, mode:FULL, rate:100
2025-11-18 14:12:31, MOVE, v:1, k:poo@budega, mode:BACK
2025-11-18 14:15:28, MOVE, v:1, k:poo@budega, mode:PICK
2025-11-18 14:15:29, EXEC, v:1, k:poo@budega, mode:FULL, rate:100
2025-11-18 14:15:50, MOVE, v:1, k:poo@budega, mode:BACK
2025-11-18 14:16:02, MOVE, v:1, k:poo@budega, mode:PICK
2025-11-18 14:16:03, EXEC, v:1, k:poo@budega, mode:FULL, rate:100
2025-11-18 14:16:05, MOVE, v:1, k:poo@budega, mode:BACK
2025-11-18 14:25:37, MOVE, v:1, k:poo@budega, mode:PICK
2025-11-18 14:25:38, EXEC, v:1, k:poo@budega, mode:FULL, rate:100
2025-11-18 14:25:39, MOVE, v:1, k:poo@budega, mode:BACK
2025-11-18 14:25:44, MOVE, v:1, k:poo@pula-pula, mode:PICK
2025-11-18 14:25:45, EXEC, v:1, k:poo@pula-pula, mode:FULL, rate:0, size:18
2025-11-18 14:25:46, MOVE, v:1, k:poo@pula-pula, mode:BACK
2025-11-18 14:36:18, MOVE, v:1, k:poo@budega, mode:PICK
2025-11-18 14:36:19, EXEC, v:1, k:poo@budega, mode:FULL, rate:100
2025-11-18 14:36:20, MOVE, v:1, k:poo@budega, mode:BACK
2025-11-18 14:36:23, MOVE, v:1, k:poo@lapiseira, mode:PICK
2025-11-18 14:36:24, EXEC, v:1, k:poo@lapiseira, mode:FULL, rate:100
2025-11-18 14:36:25, MOVE, v:1, k:poo@lapiseira, mode:BACK
2025-11-18 14:36:27, MOVE, v:1, k:poo@pula-pula, mode:PICK
2025-11-18 14:36:28, EXEC, v:1, k:poo@pula-pula, mode:FULL, rate:0, size:19
2025-11-18 14:36:29, MOVE, v:1, k:poo@pula-pula, mode:BACK
2025-11-18 14:43:10, MOVE, v:1, k:poo@pula-pula, mode:PICK
2025-11-18 14:43:11, EXEC, v:1, k:poo@pula-pula, mode:FULL, rate:0
2025-11-18 14:43:12, MOVE, v:1, k:poo@pula-pula, mode:BACK
2025-11-18 14:43:18, MOVE, v:1, k:poo@lapiseira, mode:PICK
2025-11-18 14:43:19, EXEC, v:1, k:poo@lapiseira, mode:FULL, rate:100
2025-11-18 14:43:19, MOVE, v:1, k:poo@lapiseira, mode:BACK
2025-11-18 14:43:21, MOVE, v:1, k:poo@budega, mode:PICK
2025-11-18 14:43:22, EXEC, v:1, k:poo@budega, mode:FULL, rate:100
2025-11-18 14:43:23, MOVE, v:1, k:poo@budega, mode:BACK
