2025-11-19 14:03:45, MOVE, v:1, k:poo@budega, mode:PICK
2025-11-19 14:03:46, EXEC, v:1, k:poo@budega, mode:FULL, rate:100
2025-11-19 14:03:49, MOVE, v:1, k:poo@budega, mode:BACK
2025-11-19 14:03:57, MOVE, v:1, k:poo@budega, mode:PICK
2025-11-19 14:03:58, EXEC, v:1, k:poo@budega, mode:FULL, rate:100
2025-11-19 14:04:00, MOVE, v:1, k:poo@budega, mode:BACK
2025-11-19 14:04:05, MOVE, v:1, k:poo@budega, mode:PICK
2025-11-19 14:04:06, EXEC, v:1, k:poo@budega, mode:FULL, rate:100
2025-11-19 14:04:07, MOVE, v:1, k:poo@budega, mode:BACK
2025-11-19 14:04:18, MOVE, v:1, k:poo@pula-pula, mode:PICK
2025-11-19 14:04:19, EXEC, v:1, k:poo@pula-pula, mode:FULL, rate:0, size:23
2025-11-19 14:04:21, MOVE, v:1, k:poo@pula-pula, mode:BACK
2025-11-19 14:41:00, MOVE, v:1, k:poo@pula-pula, mode:PICK
2025-11-19 14:41:00, EXEC, v:1, k:poo@pula-pula, mode:FULL, rate:0, size:27
2025-11-19 14:41:02, MOVE, v:1, k:poo@pula-pula, mode:BACK
2025-11-19 21:58:30, MOVE, v:1, k:poo@budega, mode:PICK
2025-11-19 21:58:31, EXEC, v:1, k:poo@budega, mode:FULL, rate:100
2025-11-19 21:58:33, MOVE, v:1, k:poo@budega, mode:BACK
2025-11-19 21:58:36, MOVE, v:1, k:poo@lapiseira, mode:PICK
2025-11-19 21:58:37, EXEC, v:1, k:poo@lapiseira, mode:FULL, rate:100
2025-11-19 21:58:39, MOVE, v:1, k:poo@lapiseira, mode:BACK
2025-11-19 22:54:13, MOVE, v:1, k:poo@pula-pula, mode:PICK
2025-11-19 22:54:14, EXEC, v:1, k:poo@pula-pula, mode:FULL, rate:0, size:45
2025-11-19 22:54:17, MOVE, v:1, k:poo@pula-pula, mode:BACK
2025-11-19 22:54:20, MOVE, v:1, k:poo@lapiseira, mode:PICK
2025-11-19 22:54:21, EXEC, v:1, k:poo@lapiseira, mode:FULL, rate:100
2025-11-19 22:54:22, MOVE, v:1, k:poo@lapiseira, mode:BACK
2025-11-19 22:54:27, MOVE, v:1, k:poo@budega, mode:PICK
2025-11-19 22:54:28, EXEC, v:1, k:poo@budega, mode:FULL, rate:100
2025-11-19 22:54:29, MOVE, v:1, k:poo@budega, mode:BACK
